<?xml version="1.0" encoding="UTF-8"?>
<beans xmlns="http://www.springframework.org/schema/beans"
       xmlns:xsi="http://www.w3.org/2001/XMLSchema-instance"
       xmlns:mvc="http://www.springframework.org/schema/mvc"
       xmlns:context="http://www.springframework.org/schema/context"
       xsi:schemaLocation="http://www.springframework.org/schema/beans
       http://www.springframework.org/schema/beans/spring-beans.xsd
        http://www.springframework.org/schema/mvc
        http://www.springframework.org/schema/mvc/spring-mvc.xsd
        http://www.springframework.org/schema/context
        http://www.springframework.org/schema/context/spring-context.xsd">

<mvc:annotation-driven>     </mvc:annotation-driven>
       <context:component-scan base-package="com.shestakam.controllers"></context:component-scan>

       <bean id="viewResolver"
             class="org.springframework.web.servlet.view.InternalResourceViewResolver" >
              <property name="prefix">
                     <value>/WEB-INF/pages/</value>
              </property>
              <property name="suffix">
                     <value>.jsp</value>
              </property>
       </bean>

    <bean id="messageSource"
          class="org.springframework.context.support.ResourceBundleMessageSource">
        <property name="basename" value="mes.messages" />
        <property name="defaultEncoding" value="UTF-8" />
    </bean>

    <bean id="localeResolver"
          class="org.springframework.web.servlet.i18n.CookieLocaleResolver">
        <property name="defaultLocale" value="de" />
        <property name="cookieName" value="myCookieLanguage"/>
        <property name="cookieMaxAge" value="1"/>
    </bean>


    <!--to change language by ?language=en-->
    <!--<bean id="localeResolver"
          class="org.springframework.web.servlet.i18n.SessionLocaleResolver">
        <property name="defaultLocale" value="en" />
    </bean>-->

    <bean id="dataSource" class="org.apache.commons.dbcp.BasicDataSource" destroy-method="close">
        <property name="driverClassName" value="com.mysql.jdbc.Driver"/>
        <property name="url" value="jdbc:mysql://localhost:3306/scand"/>
        <property name="username" value="root"/>
        <property name="password" value="12345678"/>
    </bean>

    <bean id="sessionFactory" class="org.springframework.orm.hibernate4.LocalSessionFactoryBean">
        <property name="dataSource" ref="dataSource"/>
        <property name="annotatedClasses">
            <list>
                <value>com.shestakam.entities.User</value>
            </list>
        </property>
        <property name="hibernateProperties">
            <value>
                hibernate.dialect=org.hibernate.dialect.MySQLDialect
            </value>
        </property>
    </bean>

    <bean id="userDao" class="com.shestakam.dao.UserDaoImpl">
    </bean>


    <mvc:interceptors>
        <bean id="localeChangeInterceptor"
              class="org.springframework.web.servlet.i18n.LocaleChangeInterceptor">
            <property name="paramName" value="language" />
        </bean>
    </mvc:interceptors>

    <mvc:resources mapping="/resources/**" location="/resources/"
                   cache-period="10000"/>

</beans>